<?xml version="1.0" encoding="UTF-8"?>
<!-- Generated by org.testng.reporters.JUnitXMLReporter -->
<testsuite ignored="0" hostname="DESKTOP-2GDF8KV" failures="0" tests="6" name="Default test" time="15.923" errors="0" timestamp="2022-10-11T17:42:20 CEST">
  <testcase classname="tests.AdminCitiesTests" name="visitsTheAdminCitiesPageAndListCities" time="3.491"/>
  <testcase classname="tests.AdminCitiesTests" name="checksInputTypesForCreateEditNewCity" time="0.983"/>
  <testcase classname="tests.AdminCitiesTests" name="createNewCity" time="1.363"/>
  <testcase classname="tests.AdminCitiesTests" name="editCity" time="2.273"/>
  <testcase classname="tests.AdminCitiesTests" name="searchCity" time="0.581"/>
  <testcase classname="tests.AdminCitiesTests" name="deleteCity" time="1.374"/>
</testsuite> <!-- Default test -->
