<?xml version="1.0" encoding="UTF-8"?>
<!-- Generated by org.testng.reporters.JUnitXMLReporter -->
<testsuite ignored="0" hostname="DESKTOP-2GDF8KV" failures="0" tests="4" name="Default test" time="18.197" errors="0" timestamp="2022-10-10T18:11:41 CEST">
  <testcase classname="tests.SignupTests" name="visitsTheSignupPage" time="0.322"/>
  <testcase classname="tests.SignupTests" name="checksInputTypes" time="0.736"/>
  <testcase classname="tests.SignupTests" name="displaysErrorsWhenUserAlreadyExists" time="3.231"/>
  <testcase classname="tests.SignupTests" name="signup" time="4.81"/>
</testsuite> <!-- Default test -->
