<?xml version="1.0" encoding="UTF-8"?>
<testng-results ignored="0" total="6" passed="6" failed="0" skipped="0">
  <reporter-output>
  </reporter-output>
  <suite started-at="2022-10-11T17:42:04 CEST" name="Default suite" finished-at="2022-10-11T17:42:20 CEST" duration-ms="15923">
    <groups>
    </groups>
    <test started-at="2022-10-11T17:42:04 CEST" name="Default test" finished-at="2022-10-11T17:42:20 CEST" duration-ms="15923">
      <class name="tests.AdminCitiesTests">
        <test-method is-config="true" signature="beforeClass()[pri:0, instance:tests.AdminCitiesTests@441772e]" started-at="2022-10-11T17:42:04 CEST" name="beforeClass" finished-at="2022-10-11T17:42:07 CEST" duration-ms="2987" status="PASS">
          <reporter-output>
          </reporter-output>
        </test-method> <!-- beforeClass -->
        <test-method is-config="true" signature="beforeMethod()[pri:0, instance:tests.AdminCitiesTests@441772e]" started-at="2022-10-11T17:42:07 CEST" name="beforeMethod" finished-at="2022-10-11T17:42:08 CEST" duration-ms="1045" status="PASS">
          <reporter-output>
          </reporter-output>
        </test-method> <!-- beforeMethod -->
        <test-method signature="visitsTheAdminCitiesPageAndListCities()[pri:1, instance:tests.AdminCitiesTests@441772e]" started-at="2022-10-11T17:42:08 CEST" name="visitsTheAdminCitiesPageAndListCities" finished-at="2022-10-11T17:42:12 CEST" duration-ms="3491" status="PASS">
          <reporter-output>
          </reporter-output>
        </test-method> <!-- visitsTheAdminCitiesPageAndListCities -->
        <test-method is-config="true" signature="afterMethod()[pri:0, instance:tests.AdminCitiesTests@441772e]" started-at="2022-10-11T17:42:12 CEST" name="afterMethod" finished-at="2022-10-11T17:42:12 CEST" duration-ms="1" status="PASS">
          <reporter-output>
          </reporter-output>
        </test-method> <!-- afterMethod -->
        <test-method is-config="true" signature="beforeMethod()[pri:0, instance:tests.AdminCitiesTests@441772e]" started-at="2022-10-11T17:42:12 CEST" name="beforeMethod" finished-at="2022-10-11T17:42:12 CEST" duration-ms="356" status="PASS">
          <reporter-output>
          </reporter-output>
        </test-method> <!-- beforeMethod -->
        <test-method signature="checksInputTypesForCreateEditNewCity()[pri:2, instance:tests.AdminCitiesTests@441772e]" started-at="2022-10-11T17:42:12 CEST" name="checksInputTypesForCreateEditNewCity" finished-at="2022-10-11T17:42:13 CEST" duration-ms="983" status="PASS">
          <reporter-output>
          </reporter-output>
        </test-method> <!-- checksInputTypesForCreateEditNewCity -->
        <test-method is-config="true" signature="afterMethod()[pri:0, instance:tests.AdminCitiesTests@441772e]" started-at="2022-10-11T17:42:13 CEST" name="afterMethod" finished-at="2022-10-11T17:42:13 CEST" duration-ms="0" status="PASS">
          <reporter-output>
          </reporter-output>
        </test-method> <!-- afterMethod -->
        <test-method is-config="true" signature="beforeMethod()[pri:0, instance:tests.AdminCitiesTests@441772e]" started-at="2022-10-11T17:42:13 CEST" name="beforeMethod" finished-at="2022-10-11T17:42:13 CEST" duration-ms="319" status="PASS">
          <reporter-output>
          </reporter-output>
        </test-method> <!-- beforeMethod -->
        <test-method signature="createNewCity()[pri:3, instance:tests.AdminCitiesTests@441772e]" started-at="2022-10-11T17:42:13 CEST" name="createNewCity" finished-at="2022-10-11T17:42:15 CEST" duration-ms="1363" status="PASS">
          <reporter-output>
          </reporter-output>
        </test-method> <!-- createNewCity -->
        <test-method is-config="true" signature="afterMethod()[pri:0, instance:tests.AdminCitiesTests@441772e]" started-at="2022-10-11T17:42:15 CEST" name="afterMethod" finished-at="2022-10-11T17:42:15 CEST" duration-ms="0" status="PASS">
          <reporter-output>
          </reporter-output>
        </test-method> <!-- afterMethod -->
        <test-method is-config="true" signature="beforeMethod()[pri:0, instance:tests.AdminCitiesTests@441772e]" started-at="2022-10-11T17:42:15 CEST" name="beforeMethod" finished-at="2022-10-11T17:42:15 CEST" duration-ms="278" status="PASS">
          <reporter-output>
          </reporter-output>
        </test-method> <!-- beforeMethod -->
        <test-method signature="editCity()[pri:4, instance:tests.AdminCitiesTests@441772e]" started-at="2022-10-11T17:42:15 CEST" name="editCity" finished-at="2022-10-11T17:42:17 CEST" duration-ms="2273" status="PASS">
          <reporter-output>
          </reporter-output>
        </test-method> <!-- editCity -->
        <test-method is-config="true" signature="afterMethod()[pri:0, instance:tests.AdminCitiesTests@441772e]" started-at="2022-10-11T17:42:17 CEST" name="afterMethod" finished-at="2022-10-11T17:42:17 CEST" duration-ms="0" status="PASS">
          <reporter-output>
          </reporter-output>
        </test-method> <!-- afterMethod -->
        <test-method is-config="true" signature="beforeMethod()[pri:0, instance:tests.AdminCitiesTests@441772e]" started-at="2022-10-11T17:42:17 CEST" name="beforeMethod" finished-at="2022-10-11T17:42:17 CEST" duration-ms="273" status="PASS">
          <reporter-output>
          </reporter-output>
        </test-method> <!-- beforeMethod -->
        <test-method signature="searchCity()[pri:5, instance:tests.AdminCitiesTests@441772e]" started-at="2022-10-11T17:42:17 CEST" name="searchCity" finished-at="2022-10-11T17:42:18 CEST" duration-ms="581" status="PASS">
          <reporter-output>
          </reporter-output>
        </test-method> <!-- searchCity -->
        <test-method is-config="true" signature="afterMethod()[pri:0, instance:tests.AdminCitiesTests@441772e]" started-at="2022-10-11T17:42:18 CEST" name="afterMethod" finished-at="2022-10-11T17:42:18 CEST" duration-ms="1" status="PASS">
          <reporter-output>
          </reporter-output>
        </test-method> <!-- afterMethod -->
        <test-method is-config="true" signature="beforeMethod()[pri:0, instance:tests.AdminCitiesTests@441772e]" started-at="2022-10-11T17:42:18 CEST" name="beforeMethod" finished-at="2022-10-11T17:42:18 CEST" duration-ms="282" status="PASS">
          <reporter-output>
          </reporter-output>
        </test-method> <!-- beforeMethod -->
        <test-method signature="deleteCity()[pri:6, instance:tests.AdminCitiesTests@441772e]" started-at="2022-10-11T17:42:18 CEST" name="deleteCity" finished-at="2022-10-11T17:42:20 CEST" duration-ms="1374" status="PASS">
          <reporter-output>
          </reporter-output>
        </test-method> <!-- deleteCity -->
        <test-method is-config="true" signature="afterMethod()[pri:0, instance:tests.AdminCitiesTests@441772e]" started-at="2022-10-11T17:42:20 CEST" name="afterMethod" finished-at="2022-10-11T17:42:20 CEST" duration-ms="1" status="PASS">
          <reporter-output>
          </reporter-output>
        </test-method> <!-- afterMethod -->
        <test-method is-config="true" signature="afterClass()[pri:0, instance:tests.AdminCitiesTests@441772e]" started-at="2022-10-11T17:42:20 CEST" name="afterClass" finished-at="2022-10-11T17:42:20 CEST" duration-ms="257" status="PASS">
          <reporter-output>
          </reporter-output>
        </test-method> <!-- afterClass -->
      </class> <!-- tests.AdminCitiesTests -->
    </test> <!-- Default test -->
  </suite> <!-- Default suite -->
</testng-results>
